<?xml version="1.0" encoding="UTF-8"?>
<testng-results ignored="0" total="1" passed="1" failed="0" skipped="0">
  <reporter-output>
  </reporter-output>
  <suite started-at="2024-06-07T19:22:06 IST" name="Default suite" finished-at="2024-06-07T19:22:06 IST" duration-ms="227">
    <groups>
    </groups>
    <test started-at="2024-06-07T19:22:06 IST" name="Default test" finished-at="2024-06-07T19:22:06 IST" duration-ms="227">
      <class name="TestNGPackage1.FirstClass">
        <test-method signature="loginTest()[pri:0, instance:TestNGPackage1.FirstClass@72cf2de5]" started-at="2024-06-07T19:22:06 IST" name="loginTest" finished-at="2024-06-07T19:22:06 IST" duration-ms="33" status="PASS">
          <reporter-output>
          </reporter-output>
        </test-method> <!-- loginTest -->
      </class> <!-- TestNGPackage1.FirstClass -->
    </test> <!-- Default test -->
  </suite> <!-- Default suite -->
</testng-results>
